Loading data...
Skipping hippocampus_010.nii.gz due to error in parsing
Processed 252 files, total 8930 slices
Total images = 252. Splits: train=201, val=25, test=26
Experiment started.
Training epoch 0...

Epoch: 0 Train loss: 1.072562336921692, 0.2% complete
..........
Epoch: 0 Train loss: 0.2694171965122223, 2.5% complete
..........
Epoch: 0 Train loss: 0.07948126643896103, 4.7% complete
..........
Epoch: 0 Train loss: 0.05744035542011261, 7.0% complete
..........
Epoch: 0 Train loss: 0.06813570111989975, 9.2% complete
..........
Epoch: 0 Train loss: 0.040287863463163376, 11.5% complete
..........
Epoch: 0 Train loss: 0.04982850328087807, 13.7% complete
..........
Epoch: 0 Train loss: 0.03210947662591934, 16.0% complete
..........
Epoch: 0 Train loss: 0.03251922130584717, 18.2% complete
..........
Epoch: 0 Train loss: 0.045682091265916824, 20.4% complete
..........
Epoch: 0 Train loss: 0.03574775904417038, 22.7% complete
..........
Epoch: 0 Train loss: 0.03865233436226845, 24.9% complete
..........
Epoch: 0 Train loss: 0.026207799091935158, 27.2% complete
..........
Epoch: 0 Train loss: 0.041897643357515335, 29.4% complete
..........
Epoch: 0 Train loss: 0.0322270467877388, 31.7% complete
..........
Epoch: 0 Train loss: 0.017261631786823273, 33.9% complete
..........
Epoch: 0 Train loss: 0.01539851538836956, 36.2% complete
..........
Epoch: 0 Train loss: 0.0322737954556942, 38.4% complete
..........
Epoch: 0 Train loss: 0.020263072103261948, 40.7% complete
..........
Epoch: 0 Train loss: 0.02491755411028862, 42.9% complete
..........
Epoch: 0 Train loss: 0.023862313479185104, 45.2% complete
..........
Epoch: 0 Train loss: 0.030376087874174118, 47.4% complete
..........
Epoch: 0 Train loss: 0.02497081272304058, 49.7% complete
..........
Epoch: 0 Train loss: 0.016219180077314377, 51.9% complete
..........
Epoch: 0 Train loss: 0.014264398254454136, 54.2% complete
..........
Epoch: 0 Train loss: 0.023170696571469307, 56.4% complete
..........
Epoch: 0 Train loss: 0.02252284809947014, 58.7% complete
..........
Epoch: 0 Train loss: 0.01874570921063423, 60.9% complete
..........
Epoch: 0 Train loss: 0.022204183042049408, 63.1% complete
..........
Epoch: 0 Train loss: 0.0207393579185009, 65.4% complete
..........
Epoch: 0 Train loss: 0.01479448564350605, 67.6% complete
..........
Epoch: 0 Train loss: 0.030546218156814575, 69.9% complete
..........
Epoch: 0 Train loss: 0.019924873486161232, 72.1% complete
..........
Epoch: 0 Train loss: 0.014360446482896805, 74.4% complete
..........
Epoch: 0 Train loss: 0.01669609546661377, 76.6% complete
..........
Epoch: 0 Train loss: 0.017459599301218987, 78.9% complete
..........
Epoch: 0 Train loss: 0.01283735316246748, 81.1% complete
..........
Epoch: 0 Train loss: 0.015578633174300194, 83.4% complete
..........
Epoch: 0 Train loss: 0.013278612866997719, 85.6% complete
..........
Epoch: 0 Train loss: 0.019368331879377365, 87.9% complete
..........
Epoch: 0 Train loss: 0.013485856354236603, 90.1% complete
..........
Epoch: 0 Train loss: 0.016482535749673843, 92.4% complete
..........
Epoch: 0 Train loss: 0.022335512563586235, 94.6% complete
..........
Epoch: 0 Train loss: 0.014914547093212605, 96.9% complete
..........
Epoch: 0 Train loss: 0.017857389524579048, 99.1% complete
.....
Training complete
Validating epoch 0...
Batch 0. Data shape torch.Size([16, 1, 64, 64]) Loss 0.016115931794047356
Batch 1. Data shape torch.Size([16, 1, 64, 64]) Loss 0.010931035503745079
Batch 2. Data shape torch.Size([16, 1, 64, 64]) Loss 0.013582343235611916
Batch 3. Data shape torch.Size([16, 1, 64, 64]) Loss 0.012945163063704967
Batch 4. Data shape torch.Size([16, 1, 64, 64]) Loss 0.012667404487729073
Batch 5. Data shape torch.Size([16, 1, 64, 64]) Loss 0.010714109987020493
Batch 6. Data shape torch.Size([16, 1, 64, 64]) Loss 0.014929905533790588
Batch 7. Data shape torch.Size([16, 1, 64, 64]) Loss 0.016391411423683167
Batch 8. Data shape torch.Size([16, 1, 64, 64]) Loss 0.01605062372982502
Batch 9. Data shape torch.Size([16, 1, 64, 64]) Loss 0.014194796793162823
Batch 10. Data shape torch.Size([16, 1, 64, 64]) Loss 0.01207765843719244
Batch 11. Data shape torch.Size([16, 1, 64, 64]) Loss 0.013827030546963215
Batch 12. Data shape torch.Size([16, 1, 64, 64]) Loss 0.014069588854908943
Batch 13. Data shape torch.Size([16, 1, 64, 64]) Loss 0.014295468106865883
Batch 14. Data shape torch.Size([16, 1, 64, 64]) Loss 0.011747784912586212
Batch 15. Data shape torch.Size([16, 1, 64, 64]) Loss 0.009176659397780895
Batch 16. Data shape torch.Size([16, 1, 64, 64]) Loss 0.021266411989927292
Batch 17. Data shape torch.Size([16, 1, 64, 64]) Loss 0.011572159826755524
Batch 18. Data shape torch.Size([16, 1, 64, 64]) Loss 0.014570491388440132
Batch 19. Data shape torch.Size([16, 1, 64, 64]) Loss 0.015254235826432705
Batch 20. Data shape torch.Size([16, 1, 64, 64]) Loss 0.01410793699324131
Batch 21. Data shape torch.Size([16, 1, 64, 64]) Loss 0.014185113832354546
Batch 22. Data shape torch.Size([16, 1, 64, 64]) Loss 0.017174625769257545
Batch 23. Data shape torch.Size([16, 1, 64, 64]) Loss 0.013611962087452412
Batch 24. Data shape torch.Size([16, 1, 64, 64]) Loss 0.007891264744102955
Batch 25. Data shape torch.Size([16, 1, 64, 64]) Loss 0.01654774695634842
Batch 26. Data shape torch.Size([16, 1, 64, 64]) Loss 0.016951221972703934
Batch 27. Data shape torch.Size([16, 1, 64, 64]) Loss 0.012769238092005253
Batch 28. Data shape torch.Size([16, 1, 64, 64]) Loss 0.01158221997320652
Batch 29. Data shape torch.Size([16, 1, 64, 64]) Loss 0.021559713408350945
Batch 30. Data shape torch.Size([16, 1, 64, 64]) Loss 0.015259995125234127
Batch 31. Data shape torch.Size([16, 1, 64, 64]) Loss 0.01893043704330921
Batch 32. Data shape torch.Size([16, 1, 64, 64]) Loss 0.01347998809069395
Batch 33. Data shape torch.Size([16, 1, 64, 64]) Loss 0.018769416958093643
Batch 34. Data shape torch.Size([16, 1, 64, 64]) Loss 0.013567489571869373
Batch 35. Data shape torch.Size([16, 1, 64, 64]) Loss 0.008434799499809742
Batch 36. Data shape torch.Size([16, 1, 64, 64]) Loss 0.00952070951461792
Batch 37. Data shape torch.Size([16, 1, 64, 64]) Loss 0.008754552341997623
Batch 38. Data shape torch.Size([16, 1, 64, 64]) Loss 0.011112808249890804
Batch 39. Data shape torch.Size([16, 1, 64, 64]) Loss 0.014596402645111084
Batch 40. Data shape torch.Size([16, 1, 64, 64]) Loss 0.014997545629739761
Batch 41. Data shape torch.Size([16, 1, 64, 64]) Loss 0.017583390697836876
Batch 42. Data shape torch.Size([16, 1, 64, 64]) Loss 0.015476337634027004
Batch 43. Data shape torch.Size([16, 1, 64, 64]) Loss 0.01606035977602005
Batch 44. Data shape torch.Size([16, 1, 64, 64]) Loss 0.015379020012915134
Batch 45. Data shape torch.Size([16, 1, 64, 64]) Loss 0.01140914298593998
Batch 46. Data shape torch.Size([16, 1, 64, 64]) Loss 0.011499232612550259
Batch 47. Data shape torch.Size([16, 1, 64, 64]) Loss 0.013468191958963871
Batch 48. Data shape torch.Size([16, 1, 64, 64]) Loss 0.01394322607666254
Batch 49. Data shape torch.Size([16, 1, 64, 64]) Loss 0.02167990244925022
Batch 50. Data shape torch.Size([16, 1, 64, 64]) Loss 0.012800444848835468
Batch 51. Data shape torch.Size([16, 1, 64, 64]) Loss 0.015647318214178085
Batch 52. Data shape torch.Size([16, 1, 64, 64]) Loss 0.016887132078409195
Batch 53. Data shape torch.Size([16, 1, 64, 64]) Loss 0.01775522530078888
Batch 54. Data shape torch.Size([16, 1, 64, 64]) Loss 0.014164878986775875
Batch 55. Data shape torch.Size([8, 1, 64, 64]) Loss 0.01047311071306467
Validation complete
Training epoch 1...

Epoch: 1 Train loss: 0.019261466339230537, 0.2% complete
..........
Epoch: 1 Train loss: 0.0167576652020216, 2.5% complete
..........
Epoch: 1 Train loss: 0.016469253227114677, 4.7% complete
..........
Epoch: 1 Train loss: 0.014103109017014503, 7.0% complete
..........
Epoch: 1 Train loss: 0.018021835014224052, 9.2% complete
..........
Epoch: 1 Train loss: 0.014077306725084782, 11.5% complete
..........
Epoch: 1 Train loss: 0.01927277445793152, 13.7% complete
..........
Epoch: 1 Train loss: 0.017250459641218185, 16.0% complete
..........
Epoch: 1 Train loss: 0.016313565894961357, 18.2% complete
..........
Epoch: 1 Train loss: 0.01236656028777361, 20.4% complete
..........
Epoch: 1 Train loss: 0.007171564735472202, 22.7% complete
..........
Epoch: 1 Train loss: 0.018576160073280334, 24.9% complete
..........
Epoch: 1 Train loss: 0.014446711167693138, 27.2% complete
..........
Epoch: 1 Train loss: 0.0156556349247694, 29.4% complete
..........
Epoch: 1 Train loss: 0.015462205745279789, 31.7% complete
..........
Epoch: 1 Train loss: 0.014626369811594486, 33.9% complete
..........
Epoch: 1 Train loss: 0.012028452008962631, 36.2% complete
..........
Epoch: 1 Train loss: 0.009681914001703262, 38.4% complete
..........
Epoch: 1 Train loss: 0.01502775028347969, 40.7% complete
..........
Epoch: 1 Train loss: 0.01488562487065792, 42.9% complete
..........
Epoch: 1 Train loss: 0.012645728886127472, 45.2% complete
..........
Epoch: 1 Train loss: 0.012750563211739063, 47.4% complete
..........
Epoch: 1 Train loss: 0.02088358998298645, 49.7% complete
..........
Epoch: 1 Train loss: 0.013513468205928802, 51.9% complete
..........
Epoch: 1 Train loss: 0.013665632344782352, 54.2% complete
..........
Epoch: 1 Train loss: 0.013128727674484253, 56.4% complete
..........
Epoch: 1 Train loss: 0.010704458691179752, 58.7% complete
..........
Epoch: 1 Train loss: 0.019943568855524063, 60.9% complete
..........
Epoch: 1 Train loss: 0.007730425801128149, 63.1% complete
..........
Epoch: 1 Train loss: 0.01220816932618618, 65.4% complete
..........
Epoch: 1 Train loss: 0.022320078685879707, 67.6% complete
..........
Epoch: 1 Train loss: 0.01885480061173439, 69.9% complete
..........
Epoch: 1 Train loss: 0.012717347592115402, 72.1% complete
..........
Epoch: 1 Train loss: 0.009425036609172821, 74.4% complete
..........
Epoch: 1 Train loss: 0.014763503335416317, 76.6% complete
..........
Epoch: 1 Train loss: 0.014879772439599037, 78.9% complete
..........
Epoch: 1 Train loss: 0.016093149781227112, 81.1% complete
..........
Epoch: 1 Train loss: 0.007415526080876589, 83.4% complete
..........
Epoch: 1 Train loss: 0.008455860428512096, 85.6% complete
..........
Epoch: 1 Train loss: 0.012458456680178642, 87.9% complete
..........
Epoch: 1 Train loss: 0.011277331970632076, 90.1% complete
..........
Epoch: 1 Train loss: 0.011783628724515438, 92.4% complete
..........
Epoch: 1 Train loss: 0.011486297473311424, 94.6% complete
..........
Epoch: 1 Train loss: 0.017424805089831352, 96.9% complete
..........
Epoch: 1 Train loss: 0.009052468463778496, 99.1% complete
.....
Training complete
Validating epoch 1...
Batch 0. Data shape torch.Size([16, 1, 64, 64]) Loss 0.010201296769082546
Batch 1. Data shape torch.Size([16, 1, 64, 64]) Loss 0.011237815953791142
Batch 2. Data shape torch.Size([16, 1, 64, 64]) Loss 0.013379938900470734
Batch 3. Data shape torch.Size([16, 1, 64, 64]) Loss 0.011383609846234322
Batch 4. Data shape torch.Size([16, 1, 64, 64]) Loss 0.008686917833983898
Batch 5. Data shape torch.Size([16, 1, 64, 64]) Loss 0.008430085144937038
Batch 6. Data shape torch.Size([16, 1, 64, 64]) Loss 0.02139820158481598
Batch 7. Data shape torch.Size([16, 1, 64, 64]) Loss 0.01573227345943451
Batch 8. Data shape torch.Size([16, 1, 64, 64]) Loss 0.008039704523980618
Batch 9. Data shape torch.Size([16, 1, 64, 64]) Loss 0.01585981249809265
Batch 10. Data shape torch.Size([16, 1, 64, 64]) Loss 0.011079619638621807
Batch 11. Data shape torch.Size([16, 1, 64, 64]) Loss 0.012933360412716866
Batch 12. Data shape torch.Size([16, 1, 64, 64]) Loss 0.01442140806466341
Batch 13. Data shape torch.Size([16, 1, 64, 64]) Loss 0.010848266072571278
Batch 14. Data shape torch.Size([16, 1, 64, 64]) Loss 0.010377122089266777
Batch 15. Data shape torch.Size([16, 1, 64, 64]) Loss 0.010780846700072289
Batch 16. Data shape torch.Size([16, 1, 64, 64]) Loss 0.018995406106114388
Batch 17. Data shape torch.Size([16, 1, 64, 64]) Loss 0.009935225360095501
Batch 18. Data shape torch.Size([16, 1, 64, 64]) Loss 0.010201937519013882
Batch 19. Data shape torch.Size([16, 1, 64, 64]) Loss 0.009517524391412735
Batch 20. Data shape torch.Size([16, 1, 64, 64]) Loss 0.01528805959969759
Batch 21. Data shape torch.Size([16, 1, 64, 64]) Loss 0.017544997856020927
Batch 22. Data shape torch.Size([16, 1, 64, 64]) Loss 0.016300227493047714
Batch 23. Data shape torch.Size([16, 1, 64, 64]) Loss 0.015755290165543556
Batch 24. Data shape torch.Size([16, 1, 64, 64]) Loss 0.011624815873801708
Batch 25. Data shape torch.Size([16, 1, 64, 64]) Loss 0.014328991994261742
Batch 26. Data shape torch.Size([16, 1, 64, 64]) Loss 0.013124766759574413
Batch 27. Data shape torch.Size([16, 1, 64, 64]) Loss 0.009326583705842495
Batch 28. Data shape torch.Size([16, 1, 64, 64]) Loss 0.01004298496991396
Batch 29. Data shape torch.Size([16, 1, 64, 64]) Loss 0.010297468863427639
Batch 30. Data shape torch.Size([16, 1, 64, 64]) Loss 0.011017044074833393
Batch 31. Data shape torch.Size([16, 1, 64, 64]) Loss 0.014213485643267632
Batch 32. Data shape torch.Size([16, 1, 64, 64]) Loss 0.01296311803162098
Batch 33. Data shape torch.Size([16, 1, 64, 64]) Loss 0.010874235071241856
Batch 34. Data shape torch.Size([16, 1, 64, 64]) Loss 0.016689501702785492
Batch 35. Data shape torch.Size([16, 1, 64, 64]) Loss 0.010257190093398094
Batch 36. Data shape torch.Size([16, 1, 64, 64]) Loss 0.0075334953144192696
Batch 37. Data shape torch.Size([16, 1, 64, 64]) Loss 0.017742030322551727
Batch 38. Data shape torch.Size([16, 1, 64, 64]) Loss 0.012118099257349968
Batch 39. Data shape torch.Size([16, 1, 64, 64]) Loss 0.012205157428979874
Batch 40. Data shape torch.Size([16, 1, 64, 64]) Loss 0.015215294435620308
Batch 41. Data shape torch.Size([16, 1, 64, 64]) Loss 0.016350561752915382
Batch 42. Data shape torch.Size([16, 1, 64, 64]) Loss 0.012647668831050396
Batch 43. Data shape torch.Size([16, 1, 64, 64]) Loss 0.012579080648720264
Batch 44. Data shape torch.Size([16, 1, 64, 64]) Loss 0.013701625168323517
Batch 45. Data shape torch.Size([16, 1, 64, 64]) Loss 0.012708516791462898
Batch 46. Data shape torch.Size([16, 1, 64, 64]) Loss 0.008396978490054607
Batch 47. Data shape torch.Size([16, 1, 64, 64]) Loss 0.012194372713565826
Batch 48. Data shape torch.Size([16, 1, 64, 64]) Loss 0.012312262319028378
Batch 49. Data shape torch.Size([16, 1, 64, 64]) Loss 0.009686731733381748
Batch 50. Data shape torch.Size([16, 1, 64, 64]) Loss 0.013330702669918537
Batch 51. Data shape torch.Size([16, 1, 64, 64]) Loss 0.014498940669000149
Batch 52. Data shape torch.Size([16, 1, 64, 64]) Loss 0.0147385373711586
Batch 53. Data shape torch.Size([16, 1, 64, 64]) Loss 0.013472792692482471
Batch 54. Data shape torch.Size([16, 1, 64, 64]) Loss 0.013430525548756123
Batch 55. Data shape torch.Size([8, 1, 64, 64]) Loss 0.011121930554509163
Validation complete
Training epoch 2...

Epoch: 2 Train loss: 0.015225718729197979, 0.2% complete
..........
Epoch: 2 Train loss: 0.010323736816644669, 2.5% complete
..........
Epoch: 2 Train loss: 0.014262856915593147, 4.7% complete
..........
Epoch: 2 Train loss: 0.010981520637869835, 7.0% complete
..........
Epoch: 2 Train loss: 0.00977344997227192, 9.2% complete
..........
Epoch: 2 Train loss: 0.01033723633736372, 11.5% complete
..........
Epoch: 2 Train loss: 0.012459746561944485, 13.7% complete
..........
Epoch: 2 Train loss: 0.01205315999686718, 16.0% complete
..........
Epoch: 2 Train loss: 0.011728977784514427, 18.2% complete
..........
Epoch: 2 Train loss: 0.010940534994006157, 20.4% complete
..........
Epoch: 2 Train loss: 0.015679731965065002, 22.7% complete
..........
Epoch: 2 Train loss: 0.012114706449210644, 24.9% complete
..........
Epoch: 2 Train loss: 0.007405920419842005, 27.2% complete
..........
Epoch: 2 Train loss: 0.009256538935005665, 29.4% complete
..........
Epoch: 2 Train loss: 0.0071858000010252, 31.7% complete
..........
Epoch: 2 Train loss: 0.011489052325487137, 33.9% complete
..........
Epoch: 2 Train loss: 0.013079442083835602, 36.2% complete
..........
Epoch: 2 Train loss: 0.012881522066891193, 38.4% complete
..........
Epoch: 2 Train loss: 0.015030751004815102, 40.7% complete
..........
Epoch: 2 Train loss: 0.011682320386171341, 42.9% complete
..........
Epoch: 2 Train loss: 0.010778333991765976, 45.2% complete
..........
Epoch: 2 Train loss: 0.011792906560003757, 47.4% complete
..........
Epoch: 2 Train loss: 0.016992632299661636, 49.7% complete
..........
Epoch: 2 Train loss: 0.013329627923667431, 51.9% complete
..........
Epoch: 2 Train loss: 0.011109297163784504, 54.2% complete
..........
Epoch: 2 Train loss: 0.013239785097539425, 56.4% complete
..........
Epoch: 2 Train loss: 0.010013162158429623, 58.7% complete
..........
Epoch: 2 Train loss: 0.01317067351192236, 60.9% complete
..........
Epoch: 2 Train loss: 0.00803812500089407, 63.1% complete
..........
Epoch: 2 Train loss: 0.012239030562341213, 65.4% complete
..........
Epoch: 2 Train loss: 0.012051373720169067, 67.6% complete
..........
Epoch: 2 Train loss: 0.015283994376659393, 69.9% complete
..........
Epoch: 2 Train loss: 0.011119387112557888, 72.1% complete
..........
Epoch: 2 Train loss: 0.012477533891797066, 74.4% complete
..........
Epoch: 2 Train loss: 0.012232713401317596, 76.6% complete
..........
Epoch: 2 Train loss: 0.008779591880738735, 78.9% complete
..........
Epoch: 2 Train loss: 0.016279855743050575, 81.1% complete
..........
Epoch: 2 Train loss: 0.008904367685317993, 83.4% complete
..........
Epoch: 2 Train loss: 0.010861308313906193, 85.6% complete
..........
Epoch: 2 Train loss: 0.017904577776789665, 87.9% complete
..........
Epoch: 2 Train loss: 0.015237975865602493, 90.1% complete
..........
Epoch: 2 Train loss: 0.012353981845080853, 92.4% complete
..........
Epoch: 2 Train loss: 0.014992421492934227, 94.6% complete
..........
Epoch: 2 Train loss: 0.008179291151463985, 96.9% complete
..........
Epoch: 2 Train loss: 0.015156200155615807, 99.1% complete
.....
Training complete
Validating epoch 2...
Batch 0. Data shape torch.Size([16, 1, 64, 64]) Loss 0.011031157337129116
Batch 1. Data shape torch.Size([16, 1, 64, 64]) Loss 0.015643659979104996
Batch 2. Data shape torch.Size([16, 1, 64, 64]) Loss 0.013987194746732712
Batch 3. Data shape torch.Size([16, 1, 64, 64]) Loss 0.008590116165578365
Batch 4. Data shape torch.Size([16, 1, 64, 64]) Loss 0.011667562648653984
Batch 5. Data shape torch.Size([16, 1, 64, 64]) Loss 0.01340397447347641
Batch 6. Data shape torch.Size([16, 1, 64, 64]) Loss 0.009366391226649284
Batch 7. Data shape torch.Size([16, 1, 64, 64]) Loss 0.00967218354344368
Batch 8. Data shape torch.Size([16, 1, 64, 64]) Loss 0.0113005880266428
Batch 9. Data shape torch.Size([16, 1, 64, 64]) Loss 0.014108995907008648
Batch 10. Data shape torch.Size([16, 1, 64, 64]) Loss 0.018267394974827766
Batch 11. Data shape torch.Size([16, 1, 64, 64]) Loss 0.011108835227787495
Batch 12. Data shape torch.Size([16, 1, 64, 64]) Loss 0.010742503218352795
Batch 13. Data shape torch.Size([16, 1, 64, 64]) Loss 0.0175916887819767
Batch 14. Data shape torch.Size([16, 1, 64, 64]) Loss 0.014237184077501297
Batch 15. Data shape torch.Size([16, 1, 64, 64]) Loss 0.012627028860151768
Batch 16. Data shape torch.Size([16, 1, 64, 64]) Loss 0.0107438238337636
Batch 17. Data shape torch.Size([16, 1, 64, 64]) Loss 0.010877537541091442
Batch 18. Data shape torch.Size([16, 1, 64, 64]) Loss 0.005950661841779947
Batch 19. Data shape torch.Size([16, 1, 64, 64]) Loss 0.009090677835047245
Batch 20. Data shape torch.Size([16, 1, 64, 64]) Loss 0.011698204092681408
Batch 21. Data shape torch.Size([16, 1, 64, 64]) Loss 0.012612080201506615
Batch 22. Data shape torch.Size([16, 1, 64, 64]) Loss 0.011574871838092804
Batch 23. Data shape torch.Size([16, 1, 64, 64]) Loss 0.01768258959054947
Batch 24. Data shape torch.Size([16, 1, 64, 64]) Loss 0.01132820826023817
Batch 25. Data shape torch.Size([16, 1, 64, 64]) Loss 0.013005411252379417
Batch 26. Data shape torch.Size([16, 1, 64, 64]) Loss 0.015527453273534775
Batch 27. Data shape torch.Size([16, 1, 64, 64]) Loss 0.011903426609933376
Batch 28. Data shape torch.Size([16, 1, 64, 64]) Loss 0.011908571235835552
Batch 29. Data shape torch.Size([16, 1, 64, 64]) Loss 0.010482154786586761
Batch 30. Data shape torch.Size([16, 1, 64, 64]) Loss 0.01287059485912323
Batch 31. Data shape torch.Size([16, 1, 64, 64]) Loss 0.01291868556290865
Batch 32. Data shape torch.Size([16, 1, 64, 64]) Loss 0.01373377162963152
Batch 33. Data shape torch.Size([16, 1, 64, 64]) Loss 0.010261349380016327
Batch 34. Data shape torch.Size([16, 1, 64, 64]) Loss 0.009601380676031113
Batch 35. Data shape torch.Size([16, 1, 64, 64]) Loss 0.012719658203423023
Batch 36. Data shape torch.Size([16, 1, 64, 64]) Loss 0.008863702416419983
Batch 37. Data shape torch.Size([16, 1, 64, 64]) Loss 0.013967568054795265
Batch 38. Data shape torch.Size([16, 1, 64, 64]) Loss 0.011029228568077087
Batch 39. Data shape torch.Size([16, 1, 64, 64]) Loss 0.014728570356965065
Batch 40. Data shape torch.Size([16, 1, 64, 64]) Loss 0.01412759255617857
Batch 41. Data shape torch.Size([16, 1, 64, 64]) Loss 0.00946764089167118
Batch 42. Data shape torch.Size([16, 1, 64, 64]) Loss 0.013810710981488228
Batch 43. Data shape torch.Size([16, 1, 64, 64]) Loss 0.018160130828619003
Batch 44. Data shape torch.Size([16, 1, 64, 64]) Loss 0.009421369060873985
Batch 45. Data shape torch.Size([16, 1, 64, 64]) Loss 0.012408734299242496
Batch 46. Data shape torch.Size([16, 1, 64, 64]) Loss 0.007436268962919712
Batch 47. Data shape torch.Size([16, 1, 64, 64]) Loss 0.010158803313970566
Batch 48. Data shape torch.Size([16, 1, 64, 64]) Loss 0.01242414303123951
Batch 49. Data shape torch.Size([16, 1, 64, 64]) Loss 0.011526782996952534
Batch 50. Data shape torch.Size([16, 1, 64, 64]) Loss 0.007635518442839384
Batch 51. Data shape torch.Size([16, 1, 64, 64]) Loss 0.011430428363382816
Batch 52. Data shape torch.Size([16, 1, 64, 64]) Loss 0.016515912488102913
Batch 53. Data shape torch.Size([16, 1, 64, 64]) Loss 0.0073000770062208176
Batch 54. Data shape torch.Size([16, 1, 64, 64]) Loss 0.014661540277302265
Batch 55. Data shape torch.Size([8, 1, 64, 64]) Loss 0.005698727909475565
Validation complete
Training epoch 3...

Epoch: 3 Train loss: 0.011202959343791008, 0.2% complete
..........
Epoch: 3 Train loss: 0.012977338396012783, 2.5% complete
..........
Epoch: 3 Train loss: 0.010327077470719814, 4.7% complete
..........
Epoch: 3 Train loss: 0.010731454938650131, 7.0% complete
..........
Epoch: 3 Train loss: 0.006739155389368534, 9.2% complete
..........
Epoch: 3 Train loss: 0.01261857058852911, 11.5% complete
..........
Epoch: 3 Train loss: 0.010698415338993073, 13.7% complete
..........
Epoch: 3 Train loss: 0.010191000066697598, 16.0% complete
..........
Epoch: 3 Train loss: 0.013112934306263924, 18.2% complete
..........
Epoch: 3 Train loss: 0.011935538612306118, 20.4% complete
..........
Epoch: 3 Train loss: 0.014011760242283344, 22.7% complete
..........
Epoch: 3 Train loss: 0.014741049148142338, 24.9% complete
..........
Epoch: 3 Train loss: 0.014795800670981407, 27.2% complete
..........
Epoch: 3 Train loss: 0.011983528733253479, 29.4% complete
..........
Epoch: 3 Train loss: 0.018468808382749557, 31.7% complete
..........
Epoch: 3 Train loss: 0.008229592815041542, 33.9% complete
..........
Epoch: 3 Train loss: 0.012645367532968521, 36.2% complete
..........
Epoch: 3 Train loss: 0.007616101298481226, 38.4% complete
..........
Epoch: 3 Train loss: 0.014990444295108318, 40.7% complete
..........
Epoch: 3 Train loss: 0.009506875649094582, 42.9% complete
..........
Epoch: 3 Train loss: 0.007529490161687136, 45.2% complete
..........
Epoch: 3 Train loss: 0.012490453198552132, 47.4% complete
..........
Epoch: 3 Train loss: 0.007781573571264744, 49.7% complete
..........
Epoch: 3 Train loss: 0.01266668550670147, 51.9% complete
..........
Epoch: 3 Train loss: 0.011826488189399242, 54.2% complete
..........
Epoch: 3 Train loss: 0.010493733920156956, 56.4% complete
..........
Epoch: 3 Train loss: 0.012350920587778091, 58.7% complete
..........
Epoch: 3 Train loss: 0.012404991313815117, 60.9% complete
..........
Epoch: 3 Train loss: 0.011590296402573586, 63.1% complete
..........
Epoch: 3 Train loss: 0.011490808799862862, 65.4% complete
..........
Epoch: 3 Train loss: 0.007439629174768925, 67.6% complete
..........
Epoch: 3 Train loss: 0.008116228505969048, 69.9% complete
..........
Epoch: 3 Train loss: 0.020103788003325462, 72.1% complete
..........
Epoch: 3 Train loss: 0.013035817071795464, 74.4% complete
..........
Epoch: 3 Train loss: 0.010031475685536861, 76.6% complete
..........
Epoch: 3 Train loss: 0.017635639756917953, 78.9% complete
..........
Epoch: 3 Train loss: 0.011112788692116737, 81.1% complete
..........
Epoch: 3 Train loss: 0.016206417232751846, 83.4% complete
..........
Epoch: 3 Train loss: 0.011550866067409515, 85.6% complete
..........
Epoch: 3 Train loss: 0.010553302243351936, 87.9% complete
..........
Epoch: 3 Train loss: 0.008745529688894749, 90.1% complete
..........
Epoch: 3 Train loss: 0.009517345577478409, 92.4% complete
..........
Epoch: 3 Train loss: 0.011274478398263454, 94.6% complete
..........
Epoch: 3 Train loss: 0.012501665391027927, 96.9% complete
..........
Epoch: 3 Train loss: 0.013402272015810013, 99.1% complete
.....
Training complete
Validating epoch 3...
Batch 0. Data shape torch.Size([16, 1, 64, 64]) Loss 0.012137481942772865
Batch 1. Data shape torch.Size([16, 1, 64, 64]) Loss 0.01037530042231083
Batch 2. Data shape torch.Size([16, 1, 64, 64]) Loss 0.011378946714103222
Batch 3. Data shape torch.Size([16, 1, 64, 64]) Loss 0.013083003461360931
Batch 4. Data shape torch.Size([16, 1, 64, 64]) Loss 0.007044613361358643
Batch 5. Data shape torch.Size([16, 1, 64, 64]) Loss 0.00615930138155818
Batch 6. Data shape torch.Size([16, 1, 64, 64]) Loss 0.013173370622098446
Batch 7. Data shape torch.Size([16, 1, 64, 64]) Loss 0.014556999318301678
Batch 8. Data shape torch.Size([16, 1, 64, 64]) Loss 0.007965682074427605
Batch 9. Data shape torch.Size([16, 1, 64, 64]) Loss 0.010248759761452675
Batch 10. Data shape torch.Size([16, 1, 64, 64]) Loss 0.01095251552760601
Batch 11. Data shape torch.Size([16, 1, 64, 64]) Loss 0.010169939137995243
Batch 12. Data shape torch.Size([16, 1, 64, 64]) Loss 0.009228581562638283
Batch 13. Data shape torch.Size([16, 1, 64, 64]) Loss 0.010043852962553501
Batch 14. Data shape torch.Size([16, 1, 64, 64]) Loss 0.00661512790247798
Batch 15. Data shape torch.Size([16, 1, 64, 64]) Loss 0.013242224231362343
Batch 16. Data shape torch.Size([16, 1, 64, 64]) Loss 0.01347885001450777
Batch 17. Data shape torch.Size([16, 1, 64, 64]) Loss 0.007874900475144386
Batch 18. Data shape torch.Size([16, 1, 64, 64]) Loss 0.013179210014641285
Batch 19. Data shape torch.Size([16, 1, 64, 64]) Loss 0.005780384410172701
Batch 20. Data shape torch.Size([16, 1, 64, 64]) Loss 0.010939852334558964
Batch 21. Data shape torch.Size([16, 1, 64, 64]) Loss 0.013007590547204018
Batch 22. Data shape torch.Size([16, 1, 64, 64]) Loss 0.009733474813401699
Batch 23. Data shape torch.Size([16, 1, 64, 64]) Loss 0.011708520352840424
Batch 24. Data shape torch.Size([16, 1, 64, 64]) Loss 0.013534300029277802
Batch 25. Data shape torch.Size([16, 1, 64, 64]) Loss 0.009128125384449959
Batch 26. Data shape torch.Size([16, 1, 64, 64]) Loss 0.012046252377331257
Batch 27. Data shape torch.Size([16, 1, 64, 64]) Loss 0.012727589346468449
Batch 28. Data shape torch.Size([16, 1, 64, 64]) Loss 0.010914869606494904
Batch 29. Data shape torch.Size([16, 1, 64, 64]) Loss 0.010527808219194412
Batch 30. Data shape torch.Size([16, 1, 64, 64]) Loss 0.02265487052500248
Batch 31. Data shape torch.Size([16, 1, 64, 64]) Loss 0.011508691124618053
Batch 32. Data shape torch.Size([16, 1, 64, 64]) Loss 0.012797174043953419
Batch 33. Data shape torch.Size([16, 1, 64, 64]) Loss 0.010031289421021938
Batch 34. Data shape torch.Size([16, 1, 64, 64]) Loss 0.012903405353426933
Batch 35. Data shape torch.Size([16, 1, 64, 64]) Loss 0.009425126016139984
Batch 36. Data shape torch.Size([16, 1, 64, 64]) Loss 0.014588429592549801
Batch 37. Data shape torch.Size([16, 1, 64, 64]) Loss 0.007813585922122002
Batch 38. Data shape torch.Size([16, 1, 64, 64]) Loss 0.0122079411521554
Batch 39. Data shape torch.Size([16, 1, 64, 64]) Loss 0.012504087761044502
Batch 40. Data shape torch.Size([16, 1, 64, 64]) Loss 0.013817941769957542
Batch 41. Data shape torch.Size([16, 1, 64, 64]) Loss 0.011500779539346695
Batch 42. Data shape torch.Size([16, 1, 64, 64]) Loss 0.011688047088682652
Batch 43. Data shape torch.Size([16, 1, 64, 64]) Loss 0.012971140444278717
Batch 44. Data shape torch.Size([16, 1, 64, 64]) Loss 0.010130735114216805
Batch 45. Data shape torch.Size([16, 1, 64, 64]) Loss 0.010714494623243809
Batch 46. Data shape torch.Size([16, 1, 64, 64]) Loss 0.012002969160676003
Batch 47. Data shape torch.Size([16, 1, 64, 64]) Loss 0.007851030677556992
Batch 48. Data shape torch.Size([16, 1, 64, 64]) Loss 0.01188071072101593
Batch 49. Data shape torch.Size([16, 1, 64, 64]) Loss 0.0064390539191663265
Batch 50. Data shape torch.Size([16, 1, 64, 64]) Loss 0.011828768067061901
Batch 51. Data shape torch.Size([16, 1, 64, 64]) Loss 0.01068003848195076
Batch 52. Data shape torch.Size([16, 1, 64, 64]) Loss 0.017125358805060387
Batch 53. Data shape torch.Size([16, 1, 64, 64]) Loss 0.00710907019674778
Batch 54. Data shape torch.Size([16, 1, 64, 64]) Loss 0.017874782904982567
Batch 55. Data shape torch.Size([8, 1, 64, 64]) Loss 0.009209861978888512
Validation complete
Training epoch 4...

Epoch: 4 Train loss: 0.014664975926280022, 0.2% complete
..........
Epoch: 4 Train loss: 0.010434894822537899, 2.5% complete
..........
Epoch: 4 Train loss: 0.011580321006476879, 4.7% complete
..........
Epoch: 4 Train loss: 0.009540674276649952, 7.0% complete
..........
Epoch: 4 Train loss: 0.01197216846048832, 9.2% complete
..........
Epoch: 4 Train loss: 0.0115640414878726, 11.5% complete
..........
Epoch: 4 Train loss: 0.015257769264280796, 13.7% complete
..........
Epoch: 4 Train loss: 0.011706280522048473, 16.0% complete
..........
Epoch: 4 Train loss: 0.011822435073554516, 18.2% complete
..........
Epoch: 4 Train loss: 0.00727907195687294, 20.4% complete
..........
Epoch: 4 Train loss: 0.01087580993771553, 22.7% complete
..........
Epoch: 4 Train loss: 0.010904560796916485, 24.9% complete
..........
Epoch: 4 Train loss: 0.010217683389782906, 27.2% complete
..........
Epoch: 4 Train loss: 0.01444373931735754, 29.4% complete
..........
Epoch: 4 Train loss: 0.007771629374474287, 31.7% complete
..........
Epoch: 4 Train loss: 0.010608695447444916, 33.9% complete
..........
Epoch: 4 Train loss: 0.01352738682180643, 36.2% complete
..........
Epoch: 4 Train loss: 0.012233625166118145, 38.4% complete
..........
Epoch: 4 Train loss: 0.009870393201708794, 40.7% complete
..........
Epoch: 4 Train loss: 0.008994276635348797, 42.9% complete
..........
Epoch: 4 Train loss: 0.009594636037945747, 45.2% complete
..........
Epoch: 4 Train loss: 0.010545875877141953, 47.4% complete
..........
Epoch: 4 Train loss: 0.012505091726779938, 49.7% complete
..........
Epoch: 4 Train loss: 0.008187013678252697, 51.9% complete
..........
Epoch: 4 Train loss: 0.010768561623990536, 54.2% complete
..........
Epoch: 4 Train loss: 0.012484832666814327, 56.4% complete
..........
Epoch: 4 Train loss: 0.010513873770833015, 58.7% complete
..........
Epoch: 4 Train loss: 0.015221410430967808, 60.9% complete
..........
Epoch: 4 Train loss: 0.012966259382665157, 63.1% complete
..........
Epoch: 4 Train loss: 0.011751831509172916, 65.4% complete
..........
Epoch: 4 Train loss: 0.008317623287439346, 67.6% complete
..........
Epoch: 4 Train loss: 0.010575449094176292, 69.9% complete
..........
Epoch: 4 Train loss: 0.016061263158917427, 72.1% complete
..........
Epoch: 4 Train loss: 0.005860256031155586, 74.4% complete
..........
Epoch: 4 Train loss: 0.013139594346284866, 76.6% complete
..........
Epoch: 4 Train loss: 0.01002716738730669, 78.9% complete
..........
Epoch: 4 Train loss: 0.010731101036071777, 81.1% complete
..........
Epoch: 4 Train loss: 0.012236744165420532, 83.4% complete
..........
Epoch: 4 Train loss: 0.010024720802903175, 85.6% complete
..........
Epoch: 4 Train loss: 0.010139187797904015, 87.9% complete
..........
Epoch: 4 Train loss: 0.01420655194669962, 90.1% complete
..........
Epoch: 4 Train loss: 0.01592313125729561, 92.4% complete
..........
Epoch: 4 Train loss: 0.01347443275153637, 94.6% complete
..........
Epoch: 4 Train loss: 0.012351819314062595, 96.9% complete
..........
Epoch: 4 Train loss: 0.007250414229929447, 99.1% complete
.....
Training complete
Validating epoch 4...
Batch 0. Data shape torch.Size([16, 1, 64, 64]) Loss 0.012684953399002552
Batch 1. Data shape torch.Size([16, 1, 64, 64]) Loss 0.011562774889171124
Batch 2. Data shape torch.Size([16, 1, 64, 64]) Loss 0.008873356506228447
Batch 3. Data shape torch.Size([16, 1, 64, 64]) Loss 0.007648460566997528
Batch 4. Data shape torch.Size([16, 1, 64, 64]) Loss 0.018160326406359673
Batch 5. Data shape torch.Size([16, 1, 64, 64]) Loss 0.01093673799186945
Batch 6. Data shape torch.Size([16, 1, 64, 64]) Loss 0.007455733604729176
Batch 7. Data shape torch.Size([16, 1, 64, 64]) Loss 0.009929708205163479
Batch 8. Data shape torch.Size([16, 1, 64, 64]) Loss 0.01161749754101038
Batch 9. Data shape torch.Size([16, 1, 64, 64]) Loss 0.012455434538424015
Batch 10. Data shape torch.Size([16, 1, 64, 64]) Loss 0.010086270980536938
Batch 11. Data shape torch.Size([16, 1, 64, 64]) Loss 0.01156320609152317
Batch 12. Data shape torch.Size([16, 1, 64, 64]) Loss 0.011733774095773697
Batch 13. Data shape torch.Size([16, 1, 64, 64]) Loss 0.012793706730008125
Batch 14. Data shape torch.Size([16, 1, 64, 64]) Loss 0.009376722387969494
Batch 15. Data shape torch.Size([16, 1, 64, 64]) Loss 0.009734081104397774
Batch 16. Data shape torch.Size([16, 1, 64, 64]) Loss 0.009023414924740791
Batch 17. Data shape torch.Size([16, 1, 64, 64]) Loss 0.015009057708084583
Batch 18. Data shape torch.Size([16, 1, 64, 64]) Loss 0.008431009948253632
Batch 19. Data shape torch.Size([16, 1, 64, 64]) Loss 0.010886126197874546
Batch 20. Data shape torch.Size([16, 1, 64, 64]) Loss 0.007746245712041855
Batch 21. Data shape torch.Size([16, 1, 64, 64]) Loss 0.009679103270173073
Batch 22. Data shape torch.Size([16, 1, 64, 64]) Loss 0.01170628983527422
Batch 23. Data shape torch.Size([16, 1, 64, 64]) Loss 0.010037211701273918
Batch 24. Data shape torch.Size([16, 1, 64, 64]) Loss 0.008682294748723507
Batch 25. Data shape torch.Size([16, 1, 64, 64]) Loss 0.008045149967074394
Batch 26. Data shape torch.Size([16, 1, 64, 64]) Loss 0.010648120194673538
Batch 27. Data shape torch.Size([16, 1, 64, 64]) Loss 0.01520378515124321
Batch 28. Data shape torch.Size([16, 1, 64, 64]) Loss 0.015682265162467957
Batch 29. Data shape torch.Size([16, 1, 64, 64]) Loss 0.011906997300684452
Batch 30. Data shape torch.Size([16, 1, 64, 64]) Loss 0.007749317213892937
Batch 31. Data shape torch.Size([16, 1, 64, 64]) Loss 0.01103565376251936
Batch 32. Data shape torch.Size([16, 1, 64, 64]) Loss 0.015354692935943604
Batch 33. Data shape torch.Size([16, 1, 64, 64]) Loss 0.012125921435654163
Batch 34. Data shape torch.Size([16, 1, 64, 64]) Loss 0.011749716475605965
Batch 35. Data shape torch.Size([16, 1, 64, 64]) Loss 0.007968074642121792
Batch 36. Data shape torch.Size([16, 1, 64, 64]) Loss 0.0062970793806016445
Batch 37. Data shape torch.Size([16, 1, 64, 64]) Loss 0.010439584963023663
Batch 38. Data shape torch.Size([16, 1, 64, 64]) Loss 0.01414424180984497
Batch 39. Data shape torch.Size([16, 1, 64, 64]) Loss 0.009088445454835892
Batch 40. Data shape torch.Size([16, 1, 64, 64]) Loss 0.011853241361677647
Batch 41. Data shape torch.Size([16, 1, 64, 64]) Loss 0.01111509744077921
Batch 42. Data shape torch.Size([16, 1, 64, 64]) Loss 0.01396951638162136
Batch 43. Data shape torch.Size([16, 1, 64, 64]) Loss 0.010534526780247688
Batch 44. Data shape torch.Size([16, 1, 64, 64]) Loss 0.009649468585848808
Batch 45. Data shape torch.Size([16, 1, 64, 64]) Loss 0.012491125613451004
Batch 46. Data shape torch.Size([16, 1, 64, 64]) Loss 0.01042540930211544
Batch 47. Data shape torch.Size([16, 1, 64, 64]) Loss 0.015379039570689201
Batch 48. Data shape torch.Size([16, 1, 64, 64]) Loss 0.010236881673336029
Batch 49. Data shape torch.Size([16, 1, 64, 64]) Loss 0.011836342513561249
Batch 50. Data shape torch.Size([16, 1, 64, 64]) Loss 0.009150072000920773
Batch 51. Data shape torch.Size([16, 1, 64, 64]) Loss 0.009280024096369743
Batch 52. Data shape torch.Size([16, 1, 64, 64]) Loss 0.015809617936611176
Batch 53. Data shape torch.Size([16, 1, 64, 64]) Loss 0.007227352820336819
Batch 54. Data shape torch.Size([16, 1, 64, 64]) Loss 0.01187298633158207
Batch 55. Data shape torch.Size([8, 1, 64, 64]) Loss 0.008554328233003616
Validation complete
Training epoch 5...

Epoch: 5 Train loss: 0.012578141875565052, 0.2% complete
..........
Epoch: 5 Train loss: 0.00787124689668417, 2.5% complete
..........
Epoch: 5 Train loss: 0.010675241239368916, 4.7% complete
..........
Epoch: 5 Train loss: 0.01136690191924572, 7.0% complete
..........
Epoch: 5 Train loss: 0.007444858551025391, 9.2% complete
..........
Epoch: 5 Train loss: 0.011895041912794113, 11.5% complete
..........
Epoch: 5 Train loss: 0.007358248345553875, 13.7% complete
..........
Epoch: 5 Train loss: 0.017118673771619797, 16.0% complete
..........
Epoch: 5 Train loss: 0.009264452382922173, 18.2% complete
..........
Epoch: 5 Train loss: 0.013751091435551643, 20.4% complete
..........
Epoch: 5 Train loss: 0.010300958529114723, 22.7% complete
..........
Epoch: 5 Train loss: 0.009646718390285969, 24.9% complete
..........
Epoch: 5 Train loss: 0.011595024727284908, 27.2% complete
..........
Epoch: 5 Train loss: 0.007667848840355873, 29.4% complete
..........
Epoch: 5 Train loss: 0.009333658963441849, 31.7% complete
..........
Epoch: 5 Train loss: 0.012412543408572674, 33.9% complete
..........
Epoch: 5 Train loss: 0.011575561948120594, 36.2% complete
..........
Epoch: 5 Train loss: 0.010182672180235386, 38.4% complete
..........
Epoch: 5 Train loss: 0.0068577914498746395, 40.7% complete
..........
Epoch: 5 Train loss: 0.00884806178510189, 42.9% complete
..........
Epoch: 5 Train loss: 0.009491386823356152, 45.2% complete
..........
Epoch: 5 Train loss: 0.009297352284193039, 47.4% complete
..........
Epoch: 5 Train loss: 0.007342567201703787, 49.7% complete
..........
Epoch: 5 Train loss: 0.010968646965920925, 51.9% complete
..........
Epoch: 5 Train loss: 0.013266623951494694, 54.2% complete
..........
Epoch: 5 Train loss: 0.010272947140038013, 56.4% complete
..........
Epoch: 5 Train loss: 0.01084226742386818, 58.7% complete
..........
Epoch: 5 Train loss: 0.011321316473186016, 60.9% complete
..........
Epoch: 5 Train loss: 0.007346585858613253, 63.1% complete
..........
Epoch: 5 Train loss: 0.0075163450092077255, 65.4% complete
..........
Epoch: 5 Train loss: 0.013060362078249454, 67.6% complete
..........
Epoch: 5 Train loss: 0.009453975595533848, 69.9% complete
..........
Epoch: 5 Train loss: 0.009695515036582947, 72.1% complete
..........
Epoch: 5 Train loss: 0.011979429982602596, 74.4% complete
..........
Epoch: 5 Train loss: 0.011303409934043884, 76.6% complete
..........
Epoch: 5 Train loss: 0.009467286989092827, 78.9% complete
..........
Epoch: 5 Train loss: 0.01585228554904461, 81.1% complete
..........
Epoch: 5 Train loss: 0.012813073582947254, 83.4% complete
..........
Epoch: 5 Train loss: 0.011034137569367886, 85.6% complete
..........
Epoch: 5 Train loss: 0.007957522757351398, 87.9% complete
..........
Epoch: 5 Train loss: 0.012633319944143295, 90.1% complete
..........
Epoch: 5 Train loss: 0.013862304389476776, 92.4% complete
..........
Epoch: 5 Train loss: 0.008231129497289658, 94.6% complete
..........
Epoch: 5 Train loss: 0.009326757863163948, 96.9% complete
..........
Epoch: 5 Train loss: 0.013487154617905617, 99.1% complete
.....
Training complete
Validating epoch 5...
Batch 0. Data shape torch.Size([16, 1, 64, 64]) Loss 0.012300105765461922
Batch 1. Data shape torch.Size([16, 1, 64, 64]) Loss 0.006510188803076744
Batch 2. Data shape torch.Size([16, 1, 64, 64]) Loss 0.008499261923134327
Batch 3. Data shape torch.Size([16, 1, 64, 64]) Loss 0.009253139607608318
Batch 4. Data shape torch.Size([16, 1, 64, 64]) Loss 0.01693608984351158
Batch 5. Data shape torch.Size([16, 1, 64, 64]) Loss 0.004981562495231628
Batch 6. Data shape torch.Size([16, 1, 64, 64]) Loss 0.010831160470843315
Batch 7. Data shape torch.Size([16, 1, 64, 64]) Loss 0.015568781644105911
Batch 8. Data shape torch.Size([16, 1, 64, 64]) Loss 0.01011409517377615
Batch 9. Data shape torch.Size([16, 1, 64, 64]) Loss 0.00788324698805809
Batch 10. Data shape torch.Size([16, 1, 64, 64]) Loss 0.005018315277993679
Batch 11. Data shape torch.Size([16, 1, 64, 64]) Loss 0.01135752908885479
Batch 12. Data shape torch.Size([16, 1, 64, 64]) Loss 0.01862761750817299
Batch 13. Data shape torch.Size([16, 1, 64, 64]) Loss 0.011607615277171135
Batch 14. Data shape torch.Size([16, 1, 64, 64]) Loss 0.011229381896555424
Batch 15. Data shape torch.Size([16, 1, 64, 64]) Loss 0.01114364992827177
Batch 16. Data shape torch.Size([16, 1, 64, 64]) Loss 0.008293969556689262
Batch 17. Data shape torch.Size([16, 1, 64, 64]) Loss 0.01798589527606964
Batch 18. Data shape torch.Size([16, 1, 64, 64]) Loss 0.006963381078094244
Batch 19. Data shape torch.Size([16, 1, 64, 64]) Loss 0.014407612383365631
Batch 20. Data shape torch.Size([16, 1, 64, 64]) Loss 0.007706270553171635
Batch 21. Data shape torch.Size([16, 1, 64, 64]) Loss 0.010273351334035397
Batch 22. Data shape torch.Size([16, 1, 64, 64]) Loss 0.01259757112711668
Batch 23. Data shape torch.Size([16, 1, 64, 64]) Loss 0.017847659066319466
Batch 24. Data shape torch.Size([16, 1, 64, 64]) Loss 0.013662840239703655
Batch 25. Data shape torch.Size([16, 1, 64, 64]) Loss 0.012826635502278805
Batch 26. Data shape torch.Size([16, 1, 64, 64]) Loss 0.015850719064474106
Batch 27. Data shape torch.Size([16, 1, 64, 64]) Loss 0.011109829880297184
Batch 28. Data shape torch.Size([16, 1, 64, 64]) Loss 0.010201985016465187
Batch 29. Data shape torch.Size([16, 1, 64, 64]) Loss 0.011104445904493332
Batch 30. Data shape torch.Size([16, 1, 64, 64]) Loss 0.008412489667534828
Batch 31. Data shape torch.Size([16, 1, 64, 64]) Loss 0.008151557296514511
Batch 32. Data shape torch.Size([16, 1, 64, 64]) Loss 0.015117350965738297
Batch 33. Data shape torch.Size([16, 1, 64, 64]) Loss 0.009368973784148693
Batch 34. Data shape torch.Size([16, 1, 64, 64]) Loss 0.012798801064491272
Batch 35. Data shape torch.Size([16, 1, 64, 64]) Loss 0.012133724987506866
Batch 36. Data shape torch.Size([16, 1, 64, 64]) Loss 0.014111250638961792
Batch 37. Data shape torch.Size([16, 1, 64, 64]) Loss 0.012537146918475628
Batch 38. Data shape torch.Size([16, 1, 64, 64]) Loss 0.01025797612965107
Batch 39. Data shape torch.Size([16, 1, 64, 64]) Loss 0.016091328114271164
Batch 40. Data shape torch.Size([16, 1, 64, 64]) Loss 0.008450498804450035
Batch 41. Data shape torch.Size([16, 1, 64, 64]) Loss 0.01030019298195839
Batch 42. Data shape torch.Size([16, 1, 64, 64]) Loss 0.011095971800386906
Batch 43. Data shape torch.Size([16, 1, 64, 64]) Loss 0.015314708463847637
Batch 44. Data shape torch.Size([16, 1, 64, 64]) Loss 0.010617585852742195
Batch 45. Data shape torch.Size([16, 1, 64, 64]) Loss 0.0076523530296981335
Batch 46. Data shape torch.Size([16, 1, 64, 64]) Loss 0.011858845129609108
Batch 47. Data shape torch.Size([16, 1, 64, 64]) Loss 0.009187666699290276
Batch 48. Data shape torch.Size([16, 1, 64, 64]) Loss 0.013566825538873672
Batch 49. Data shape torch.Size([16, 1, 64, 64]) Loss 0.010340020060539246
Batch 50. Data shape torch.Size([16, 1, 64, 64]) Loss 0.011810842901468277
Batch 51. Data shape torch.Size([16, 1, 64, 64]) Loss 0.010133124887943268
Batch 52. Data shape torch.Size([16, 1, 64, 64]) Loss 0.013116559945046902
Batch 53. Data shape torch.Size([16, 1, 64, 64]) Loss 0.010622076690196991
Batch 54. Data shape torch.Size([16, 1, 64, 64]) Loss 0.008875365369021893
Batch 55. Data shape torch.Size([8, 1, 64, 64]) Loss 0.007573557086288929
Validation complete
Training epoch 6...

Epoch: 6 Train loss: 0.010155926458537579, 0.2% complete
..........
Epoch: 6 Train loss: 0.012371238321065903, 2.5% complete
..........
Epoch: 6 Train loss: 0.01462304126471281, 4.7% complete
..........
Epoch: 6 Train loss: 0.011485718190670013, 7.0% complete
..........
Epoch: 6 Train loss: 0.009173944592475891, 9.2% complete
..........
Epoch: 6 Train loss: 0.009062983095645905, 11.5% complete
..........
Epoch: 6 Train loss: 0.009360620751976967, 13.7% complete
..........
Epoch: 6 Train loss: 0.014742011204361916, 16.0% complete
..........
Epoch: 6 Train loss: 0.010478651151061058, 18.2% complete
..........
Epoch: 6 Train loss: 0.012111232616007328, 20.4% complete
..........
Epoch: 6 Train loss: 0.008756441995501518, 22.7% complete
..........
Epoch: 6 Train loss: 0.010273613035678864, 24.9% complete
..........
Epoch: 6 Train loss: 0.011309236288070679, 27.2% complete
..........
Epoch: 6 Train loss: 0.008424928411841393, 29.4% complete
..........
Epoch: 6 Train loss: 0.01334131695330143, 31.7% complete
..........
Epoch: 6 Train loss: 0.013429537415504456, 33.9% complete
..........
Epoch: 6 Train loss: 0.0116041861474514, 36.2% complete
..........
Epoch: 6 Train loss: 0.00622054748237133, 38.4% complete
..........
Epoch: 6 Train loss: 0.013240902684628963, 40.7% complete
..........
Epoch: 6 Train loss: 0.009639203548431396, 42.9% complete
..........
Epoch: 6 Train loss: 0.009901445358991623, 45.2% complete
..........
Epoch: 6 Train loss: 0.007727011572569609, 47.4% complete
..........
Epoch: 6 Train loss: 0.008510557934641838, 49.7% complete
..........
Epoch: 6 Train loss: 0.008799168281257153, 51.9% complete
..........
Epoch: 6 Train loss: 0.012470384128391743, 54.2% complete
..........
Epoch: 6 Train loss: 0.009092714637517929, 56.4% complete
..........
Epoch: 6 Train loss: 0.007550939917564392, 58.7% complete
..........
Epoch: 6 Train loss: 0.00935966707766056, 60.9% complete
..........
Epoch: 6 Train loss: 0.010908376425504684, 63.1% complete
..........
Epoch: 6 Train loss: 0.008651822805404663, 65.4% complete
..........
Epoch: 6 Train loss: 0.008956782519817352, 67.6% complete
..........
Epoch: 6 Train loss: 0.005655384156852961, 69.9% complete
..........
Epoch: 6 Train loss: 0.007225342560559511, 72.1% complete
..........
Epoch: 6 Train loss: 0.01379844918847084, 74.4% complete
..........
Epoch: 6 Train loss: 0.0076290457509458065, 76.6% complete
..........
Epoch: 6 Train loss: 0.00897629652172327, 78.9% complete
..........
Epoch: 6 Train loss: 0.009746325202286243, 81.1% complete
..........
Epoch: 6 Train loss: 0.00906966533511877, 83.4% complete
..........
Epoch: 6 Train loss: 0.010677667334675789, 85.6% complete
..........
Epoch: 6 Train loss: 0.007876325398683548, 87.9% complete
..........
Epoch: 6 Train loss: 0.009641330689191818, 90.1% complete
..........
Epoch: 6 Train loss: 0.008642822504043579, 92.4% complete
..........
Epoch: 6 Train loss: 0.012295365333557129, 94.6% complete
..........
Epoch: 6 Train loss: 0.011000756174325943, 96.9% complete
..........
Epoch: 6 Train loss: 0.009901662357151508, 99.1% complete
.....
Training complete
Validating epoch 6...
Batch 0. Data shape torch.Size([16, 1, 64, 64]) Loss 0.007586840074509382
Batch 1. Data shape torch.Size([16, 1, 64, 64]) Loss 0.014811803586781025
Batch 2. Data shape torch.Size([16, 1, 64, 64]) Loss 0.006936228834092617
Batch 3. Data shape torch.Size([16, 1, 64, 64]) Loss 0.01143638975918293
Batch 4. Data shape torch.Size([16, 1, 64, 64]) Loss 0.010598921217024326
Batch 5. Data shape torch.Size([16, 1, 64, 64]) Loss 0.012272583320736885
Batch 6. Data shape torch.Size([16, 1, 64, 64]) Loss 0.015308783389627934
Batch 7. Data shape torch.Size([16, 1, 64, 64]) Loss 0.00905911810696125
Batch 8. Data shape torch.Size([16, 1, 64, 64]) Loss 0.010014863684773445
Batch 9. Data shape torch.Size([16, 1, 64, 64]) Loss 0.015226371586322784
Batch 10. Data shape torch.Size([16, 1, 64, 64]) Loss 0.01665496453642845
Batch 11. Data shape torch.Size([16, 1, 64, 64]) Loss 0.0096803093329072
Batch 12. Data shape torch.Size([16, 1, 64, 64]) Loss 0.011278266087174416
Batch 13. Data shape torch.Size([16, 1, 64, 64]) Loss 0.009654753841459751
Batch 14. Data shape torch.Size([16, 1, 64, 64]) Loss 0.006731819361448288
Batch 15. Data shape torch.Size([16, 1, 64, 64]) Loss 0.00978759489953518
Batch 16. Data shape torch.Size([16, 1, 64, 64]) Loss 0.005072519648820162
Batch 17. Data shape torch.Size([16, 1, 64, 64]) Loss 0.011241325177252293
Batch 18. Data shape torch.Size([16, 1, 64, 64]) Loss 0.009100307710468769
Batch 19. Data shape torch.Size([16, 1, 64, 64]) Loss 0.01187765784561634
Batch 20. Data shape torch.Size([16, 1, 64, 64]) Loss 0.010398625396192074
Batch 21. Data shape torch.Size([16, 1, 64, 64]) Loss 0.01239644456654787
Batch 22. Data shape torch.Size([16, 1, 64, 64]) Loss 0.011615917086601257
Batch 23. Data shape torch.Size([16, 1, 64, 64]) Loss 0.010991614311933517
Batch 24. Data shape torch.Size([16, 1, 64, 64]) Loss 0.008017008192837238
Batch 25. Data shape torch.Size([16, 1, 64, 64]) Loss 0.014650569297373295
Batch 26. Data shape torch.Size([16, 1, 64, 64]) Loss 0.014757391065359116
Batch 27. Data shape torch.Size([16, 1, 64, 64]) Loss 0.01014964934438467
Batch 28. Data shape torch.Size([16, 1, 64, 64]) Loss 0.00537454430013895
Batch 29. Data shape torch.Size([16, 1, 64, 64]) Loss 0.008362541906535625
Batch 30. Data shape torch.Size([16, 1, 64, 64]) Loss 0.01188656222075224
Batch 31. Data shape torch.Size([16, 1, 64, 64]) Loss 0.014303367584943771
Batch 32. Data shape torch.Size([16, 1, 64, 64]) Loss 0.009418654255568981
Batch 33. Data shape torch.Size([16, 1, 64, 64]) Loss 0.01283333171159029
Batch 34. Data shape torch.Size([16, 1, 64, 64]) Loss 0.015604652464389801
Batch 35. Data shape torch.Size([16, 1, 64, 64]) Loss 0.009412158280611038
Batch 36. Data shape torch.Size([16, 1, 64, 64]) Loss 0.012228554114699364
Batch 37. Data shape torch.Size([16, 1, 64, 64]) Loss 0.00890687108039856
Batch 38. Data shape torch.Size([16, 1, 64, 64]) Loss 0.008943695574998856
Batch 39. Data shape torch.Size([16, 1, 64, 64]) Loss 0.014783880673348904
Batch 40. Data shape torch.Size([16, 1, 64, 64]) Loss 0.011403924785554409
Batch 41. Data shape torch.Size([16, 1, 64, 64]) Loss 0.00940688420087099
Batch 42. Data shape torch.Size([16, 1, 64, 64]) Loss 0.008628624491393566
Batch 43. Data shape torch.Size([16, 1, 64, 64]) Loss 0.010861679911613464
Batch 44. Data shape torch.Size([16, 1, 64, 64]) Loss 0.012158641591668129
Batch 45. Data shape torch.Size([16, 1, 64, 64]) Loss 0.010495712980628014
Batch 46. Data shape torch.Size([16, 1, 64, 64]) Loss 0.014007357880473137
Batch 47. Data shape torch.Size([16, 1, 64, 64]) Loss 0.011418165639042854
Batch 48. Data shape torch.Size([16, 1, 64, 64]) Loss 0.011755906976759434
Batch 49. Data shape torch.Size([16, 1, 64, 64]) Loss 0.013268310576677322
Batch 50. Data shape torch.Size([16, 1, 64, 64]) Loss 0.012362123467028141
Batch 51. Data shape torch.Size([16, 1, 64, 64]) Loss 0.011226145550608635
Batch 52. Data shape torch.Size([16, 1, 64, 64]) Loss 0.011403391137719154
Batch 53. Data shape torch.Size([16, 1, 64, 64]) Loss 0.0049261609092354774
Batch 54. Data shape torch.Size([16, 1, 64, 64]) Loss 0.013005812652409077
Batch 55. Data shape torch.Size([8, 1, 64, 64]) Loss 0.01385984756052494
Validation complete
Training epoch 7...

Epoch: 7 Train loss: 0.012173541821539402, 0.2% complete
..........
Epoch: 7 Train loss: 0.013421590439975262, 2.5% complete
..........
Epoch: 7 Train loss: 0.010179787874221802, 4.7% complete
..........
Epoch: 7 Train loss: 0.005928711500018835, 7.0% complete
..........
Epoch: 7 Train loss: 0.011329090222716331, 9.2% complete
..........
Epoch: 7 Train loss: 0.006742301397025585, 11.5% complete
..........
Epoch: 7 Train loss: 0.009019037708640099, 13.7% complete
..........
Epoch: 7 Train loss: 0.006570298224687576, 16.0% complete
..........
Epoch: 7 Train loss: 0.01180452760308981, 18.2% complete
..........
Epoch: 7 Train loss: 0.012190820649266243, 20.4% complete
..........
Epoch: 7 Train loss: 0.013913366012275219, 22.7% complete
..........
Epoch: 7 Train loss: 0.008059228770434856, 24.9% complete
..........
Epoch: 7 Train loss: 0.009070548228919506, 27.2% complete
..........
Epoch: 7 Train loss: 0.013430419377982616, 29.4% complete
..........
Epoch: 7 Train loss: 0.0098560256883502, 31.7% complete
..........
Epoch: 7 Train loss: 0.009138711728155613, 33.9% complete
..........
Epoch: 7 Train loss: 0.01328941062092781, 36.2% complete
..........
Epoch: 7 Train loss: 0.009877058677375317, 38.4% complete
..........
Epoch: 7 Train loss: 0.005053047556430101, 40.7% complete
..........
Epoch: 7 Train loss: 0.013387642800807953, 42.9% complete
..........
Epoch: 7 Train loss: 0.01220906712114811, 45.2% complete
..........
Epoch: 7 Train loss: 0.003829740220680833, 47.4% complete
..........
Epoch: 7 Train loss: 0.010191007517278194, 49.7% complete
..........
Epoch: 7 Train loss: 0.010256619192659855, 51.9% complete
..........
Epoch: 7 Train loss: 0.010556299239397049, 54.2% complete
..........
Epoch: 7 Train loss: 0.012311032973229885, 56.4% complete
..........
Epoch: 7 Train loss: 0.008709642104804516, 58.7% complete
..........
Epoch: 7 Train loss: 0.010030471719801426, 60.9% complete
..........
Epoch: 7 Train loss: 0.00905486848205328, 63.1% complete
..........
Epoch: 7 Train loss: 0.011479229666292667, 65.4% complete
..........
Epoch: 7 Train loss: 0.011702129617333412, 67.6% complete
..........
Epoch: 7 Train loss: 0.011122557334601879, 69.9% complete
..........
Epoch: 7 Train loss: 0.007726687006652355, 72.1% complete
..........
Epoch: 7 Train loss: 0.01590549945831299, 74.4% complete
..........
Epoch: 7 Train loss: 0.011510886251926422, 76.6% complete
..........
Epoch: 7 Train loss: 0.006938813719898462, 78.9% complete
..........
Epoch: 7 Train loss: 0.006339128594845533, 81.1% complete
..........
Epoch: 7 Train loss: 0.014005882665514946, 83.4% complete
..........
Epoch: 7 Train loss: 0.008848972618579865, 85.6% complete
..........
Epoch: 7 Train loss: 0.00966898538172245, 87.9% complete
..........
Epoch: 7 Train loss: 0.013690533116459846, 90.1% complete
..........
Epoch: 7 Train loss: 0.013862845487892628, 92.4% complete
..........
Epoch: 7 Train loss: 0.007263632025569677, 94.6% complete
..........
Epoch: 7 Train loss: 0.01596711575984955, 96.9% complete
..........
Epoch: 7 Train loss: 0.01126638613641262, 99.1% complete
.....
Training complete
Validating epoch 7...
Batch 0. Data shape torch.Size([16, 1, 64, 64]) Loss 0.007904255762696266
Batch 1. Data shape torch.Size([16, 1, 64, 64]) Loss 0.01688854582607746
Batch 2. Data shape torch.Size([16, 1, 64, 64]) Loss 0.009266886860132217
Batch 3. Data shape torch.Size([16, 1, 64, 64]) Loss 0.012711611576378345
Batch 4. Data shape torch.Size([16, 1, 64, 64]) Loss 0.012576277367770672
Batch 5. Data shape torch.Size([16, 1, 64, 64]) Loss 0.0103357695043087
Batch 6. Data shape torch.Size([16, 1, 64, 64]) Loss 0.012003256008028984
Batch 7. Data shape torch.Size([16, 1, 64, 64]) Loss 0.013999133370816708
Batch 8. Data shape torch.Size([16, 1, 64, 64]) Loss 0.012064425274729729
Batch 9. Data shape torch.Size([16, 1, 64, 64]) Loss 0.01337649766355753
Batch 10. Data shape torch.Size([16, 1, 64, 64]) Loss 0.010811835527420044
Batch 11. Data shape torch.Size([16, 1, 64, 64]) Loss 0.008008945733308792
Batch 12. Data shape torch.Size([16, 1, 64, 64]) Loss 0.009743526577949524
Batch 13. Data shape torch.Size([16, 1, 64, 64]) Loss 0.00823579914867878
Batch 14. Data shape torch.Size([16, 1, 64, 64]) Loss 0.013337557204067707
Batch 15. Data shape torch.Size([16, 1, 64, 64]) Loss 0.010743622668087482
Batch 16. Data shape torch.Size([16, 1, 64, 64]) Loss 0.015770642086863518
Batch 17. Data shape torch.Size([16, 1, 64, 64]) Loss 0.011226382106542587
Batch 18. Data shape torch.Size([16, 1, 64, 64]) Loss 0.017234230414032936
Batch 19. Data shape torch.Size([16, 1, 64, 64]) Loss 0.009435513988137245
Batch 20. Data shape torch.Size([16, 1, 64, 64]) Loss 0.016478149220347404
Batch 21. Data shape torch.Size([16, 1, 64, 64]) Loss 0.012036623433232307
Batch 22. Data shape torch.Size([16, 1, 64, 64]) Loss 0.014114337973296642
Batch 23. Data shape torch.Size([16, 1, 64, 64]) Loss 0.010421743616461754
Batch 24. Data shape torch.Size([16, 1, 64, 64]) Loss 0.006136342417448759
Batch 25. Data shape torch.Size([16, 1, 64, 64]) Loss 0.016384080052375793
Batch 26. Data shape torch.Size([16, 1, 64, 64]) Loss 0.013421708717942238
Batch 27. Data shape torch.Size([16, 1, 64, 64]) Loss 0.010780983604490757
Batch 28. Data shape torch.Size([16, 1, 64, 64]) Loss 0.009043761529028416
Batch 29. Data shape torch.Size([16, 1, 64, 64]) Loss 0.00993261393159628
Batch 30. Data shape torch.Size([16, 1, 64, 64]) Loss 0.010316882282495499
Batch 31. Data shape torch.Size([16, 1, 64, 64]) Loss 0.013764546252787113
Batch 32. Data shape torch.Size([16, 1, 64, 64]) Loss 0.008631378412246704
Batch 33. Data shape torch.Size([16, 1, 64, 64]) Loss 0.015911418944597244
Batch 34. Data shape torch.Size([16, 1, 64, 64]) Loss 0.011658203788101673
Batch 35. Data shape torch.Size([16, 1, 64, 64]) Loss 0.01492421142756939
Batch 36. Data shape torch.Size([16, 1, 64, 64]) Loss 0.011313985101878643
Batch 37. Data shape torch.Size([16, 1, 64, 64]) Loss 0.011668744497001171
Batch 38. Data shape torch.Size([16, 1, 64, 64]) Loss 0.009703255258500576
Batch 39. Data shape torch.Size([16, 1, 64, 64]) Loss 0.008192081935703754
Batch 40. Data shape torch.Size([16, 1, 64, 64]) Loss 0.009325629100203514
Batch 41. Data shape torch.Size([16, 1, 64, 64]) Loss 0.00838506780564785
Batch 42. Data shape torch.Size([16, 1, 64, 64]) Loss 0.011989087797701359
Batch 43. Data shape torch.Size([16, 1, 64, 64]) Loss 0.014896226115524769
Batch 44. Data shape torch.Size([16, 1, 64, 64]) Loss 0.014855151064693928
Batch 45. Data shape torch.Size([16, 1, 64, 64]) Loss 0.016109585762023926
Batch 46. Data shape torch.Size([16, 1, 64, 64]) Loss 0.011768003925681114
Batch 47. Data shape torch.Size([16, 1, 64, 64]) Loss 0.010525732301175594
Batch 48. Data shape torch.Size([16, 1, 64, 64]) Loss 0.009581121616065502
Batch 49. Data shape torch.Size([16, 1, 64, 64]) Loss 0.007776839658617973
Batch 50. Data shape torch.Size([16, 1, 64, 64]) Loss 0.013578984886407852
Batch 51. Data shape torch.Size([16, 1, 64, 64]) Loss 0.014535130932927132
Batch 52. Data shape torch.Size([16, 1, 64, 64]) Loss 0.007874480448663235
Batch 53. Data shape torch.Size([16, 1, 64, 64]) Loss 0.014268554747104645
Batch 54. Data shape torch.Size([16, 1, 64, 64]) Loss 0.007208546623587608
Batch 55. Data shape torch.Size([8, 1, 64, 64]) Loss 0.0069059650413692
Validation complete
Training epoch 8...

Epoch: 8 Train loss: 0.009435199201107025, 0.2% complete
..........
Epoch: 8 Train loss: 0.008757662028074265, 2.5% complete
..........
Epoch: 8 Train loss: 0.013623176142573357, 4.7% complete
..........
Epoch: 8 Train loss: 0.010336151346564293, 7.0% complete
..........
Epoch: 8 Train loss: 0.007546587381511927, 9.2% complete
..........
Epoch: 8 Train loss: 0.011185922659933567, 11.5% complete
..........
Epoch: 8 Train loss: 0.012005417607724667, 13.7% complete
..........
Epoch: 8 Train loss: 0.008903144858777523, 16.0% complete
..........
Epoch: 8 Train loss: 0.006393101066350937, 18.2% complete
..........
Epoch: 8 Train loss: 0.009796389378607273, 20.4% complete
..........
Epoch: 8 Train loss: 0.006905032321810722, 22.7% complete
..........
Epoch: 8 Train loss: 0.012241060845553875, 24.9% complete
..........
Epoch: 8 Train loss: 0.006662613712251186, 27.2% complete
..........
Epoch: 8 Train loss: 0.008696496486663818, 29.4% complete
..........
Epoch: 8 Train loss: 0.00872323289513588, 31.7% complete
..........
Epoch: 8 Train loss: 0.010744662955403328, 33.9% complete
..........
Epoch: 8 Train loss: 0.011933770962059498, 36.2% complete
..........
Epoch: 8 Train loss: 0.01121293380856514, 38.4% complete
..........
Epoch: 8 Train loss: 0.007572925183922052, 40.7% complete
..........
Epoch: 8 Train loss: 0.01155875250697136, 42.9% complete
..........
Epoch: 8 Train loss: 0.00934149231761694, 45.2% complete
..........
Epoch: 8 Train loss: 0.011668382212519646, 47.4% complete
..........
Epoch: 8 Train loss: 0.012304347939789295, 49.7% complete
..........
Epoch: 8 Train loss: 0.010116145946085453, 51.9% complete
..........
Epoch: 8 Train loss: 0.011457703076303005, 54.2% complete
..........
Epoch: 8 Train loss: 0.01051519624888897, 56.4% complete
..........
Epoch: 8 Train loss: 0.009818237274885178, 58.7% complete
..........
Epoch: 8 Train loss: 0.006973826326429844, 60.9% complete
..........
Epoch: 8 Train loss: 0.007534806616604328, 63.1% complete
..........
Epoch: 8 Train loss: 0.008530213497579098, 65.4% complete
..........
Epoch: 8 Train loss: 0.006943252868950367, 67.6% complete
..........
Epoch: 8 Train loss: 0.006158079952001572, 69.9% complete
..........
Epoch: 8 Train loss: 0.004926079884171486, 72.1% complete
..........
Epoch: 8 Train loss: 0.009360028430819511, 74.4% complete
..........
Epoch: 8 Train loss: 0.011620846576988697, 76.6% complete
..........
Epoch: 8 Train loss: 0.008997319266200066, 78.9% complete
..........
Epoch: 8 Train loss: 0.011736743152141571, 81.1% complete
..........
Epoch: 8 Train loss: 0.0099564203992486, 83.4% complete
..........
Epoch: 8 Train loss: 0.012892164289951324, 85.6% complete
..........
Epoch: 8 Train loss: 0.0080065643414855, 87.9% complete
..........
Epoch: 8 Train loss: 0.008140751160681248, 90.1% complete
..........
Epoch: 8 Train loss: 0.010183957405388355, 92.4% complete
..........
Epoch: 8 Train loss: 0.010552287101745605, 94.6% complete
..........
Epoch: 8 Train loss: 0.019678842276334763, 96.9% complete
..........
Epoch: 8 Train loss: 0.009097503498196602, 99.1% complete
.....
Training complete
Validating epoch 8...
Batch 0. Data shape torch.Size([16, 1, 64, 64]) Loss 0.01261347346007824
Batch 1. Data shape torch.Size([16, 1, 64, 64]) Loss 0.009669112041592598
Batch 2. Data shape torch.Size([16, 1, 64, 64]) Loss 0.015354110859334469
Batch 3. Data shape torch.Size([16, 1, 64, 64]) Loss 0.011756732128560543
Batch 4. Data shape torch.Size([16, 1, 64, 64]) Loss 0.01475002896040678
Batch 5. Data shape torch.Size([16, 1, 64, 64]) Loss 0.00898654107004404
Batch 6. Data shape torch.Size([16, 1, 64, 64]) Loss 0.010292078368365765
Batch 7. Data shape torch.Size([16, 1, 64, 64]) Loss 0.012708237394690514
Batch 8. Data shape torch.Size([16, 1, 64, 64]) Loss 0.007677349727600813
Batch 9. Data shape torch.Size([16, 1, 64, 64]) Loss 0.00864093005657196
Batch 10. Data shape torch.Size([16, 1, 64, 64]) Loss 0.010978484526276588
Batch 11. Data shape torch.Size([16, 1, 64, 64]) Loss 0.007890523411333561
Batch 12. Data shape torch.Size([16, 1, 64, 64]) Loss 0.0069583142176270485
Batch 13. Data shape torch.Size([16, 1, 64, 64]) Loss 0.016014961525797844
Batch 14. Data shape torch.Size([16, 1, 64, 64]) Loss 0.01297258771955967
Batch 15. Data shape torch.Size([16, 1, 64, 64]) Loss 0.009947184473276138
Batch 16. Data shape torch.Size([16, 1, 64, 64]) Loss 0.011056016199290752
Batch 17. Data shape torch.Size([16, 1, 64, 64]) Loss 0.013562707230448723
Batch 18. Data shape torch.Size([16, 1, 64, 64]) Loss 0.01242403220385313
Batch 19. Data shape torch.Size([16, 1, 64, 64]) Loss 0.013064112514257431
Batch 20. Data shape torch.Size([16, 1, 64, 64]) Loss 0.014220652170479298
Batch 21. Data shape torch.Size([16, 1, 64, 64]) Loss 0.02094966359436512
Batch 22. Data shape torch.Size([16, 1, 64, 64]) Loss 0.013439302332699299
Batch 23. Data shape torch.Size([16, 1, 64, 64]) Loss 0.008653814904391766
Batch 24. Data shape torch.Size([16, 1, 64, 64]) Loss 0.011895798146724701
Batch 25. Data shape torch.Size([16, 1, 64, 64]) Loss 0.011846455745398998
Batch 26. Data shape torch.Size([16, 1, 64, 64]) Loss 0.010408177971839905
Batch 27. Data shape torch.Size([16, 1, 64, 64]) Loss 0.015264096669852734
Batch 28. Data shape torch.Size([16, 1, 64, 64]) Loss 0.011645982041954994
Batch 29. Data shape torch.Size([16, 1, 64, 64]) Loss 0.01152747217565775
Batch 30. Data shape torch.Size([16, 1, 64, 64]) Loss 0.016120869666337967
Batch 31. Data shape torch.Size([16, 1, 64, 64]) Loss 0.014714485965669155
Batch 32. Data shape torch.Size([16, 1, 64, 64]) Loss 0.011567069217562675
Batch 33. Data shape torch.Size([16, 1, 64, 64]) Loss 0.009075530804693699
Batch 34. Data shape torch.Size([16, 1, 64, 64]) Loss 0.01124501321464777
Batch 35. Data shape torch.Size([16, 1, 64, 64]) Loss 0.01676536165177822
Batch 36. Data shape torch.Size([16, 1, 64, 64]) Loss 0.018214847892522812
Batch 37. Data shape torch.Size([16, 1, 64, 64]) Loss 0.015236984938383102
Batch 38. Data shape torch.Size([16, 1, 64, 64]) Loss 0.009214764460921288
Batch 39. Data shape torch.Size([16, 1, 64, 64]) Loss 0.0092698372900486
Batch 40. Data shape torch.Size([16, 1, 64, 64]) Loss 0.00894453190267086
Batch 41. Data shape torch.Size([16, 1, 64, 64]) Loss 0.0123542919754982
Batch 42. Data shape torch.Size([16, 1, 64, 64]) Loss 0.010901219211518764
Batch 43. Data shape torch.Size([16, 1, 64, 64]) Loss 0.014671215787529945
Batch 44. Data shape torch.Size([16, 1, 64, 64]) Loss 0.011763361282646656
Batch 45. Data shape torch.Size([16, 1, 64, 64]) Loss 0.009609921835362911
Batch 46. Data shape torch.Size([16, 1, 64, 64]) Loss 0.014826142229139805
Batch 47. Data shape torch.Size([16, 1, 64, 64]) Loss 0.013779605738818645
Batch 48. Data shape torch.Size([16, 1, 64, 64]) Loss 0.013723324984312057
Batch 49. Data shape torch.Size([16, 1, 64, 64]) Loss 0.012470657005906105
Batch 50. Data shape torch.Size([16, 1, 64, 64]) Loss 0.013972860760986805
Batch 51. Data shape torch.Size([16, 1, 64, 64]) Loss 0.011749687604606152
Batch 52. Data shape torch.Size([16, 1, 64, 64]) Loss 0.011708352714776993
Batch 53. Data shape torch.Size([16, 1, 64, 64]) Loss 0.0038989237509667873
Batch 54. Data shape torch.Size([16, 1, 64, 64]) Loss 0.012114145793020725
Batch 55. Data shape torch.Size([8, 1, 64, 64]) Loss 0.014815045520663261
Validation complete
Training epoch 9...

Epoch: 9 Train loss: 0.01074251439422369, 0.2% complete
..........
Epoch: 9 Train loss: 0.008366210386157036, 2.5% complete
..........
Epoch: 9 Train loss: 0.015764454379677773, 4.7% complete
..........
Epoch: 9 Train loss: 0.007052580360323191, 7.0% complete
..........
Epoch: 9 Train loss: 0.008080162107944489, 9.2% complete
..........
Epoch: 9 Train loss: 0.010682279244065285, 11.5% complete
..........
Epoch: 9 Train loss: 0.007424013689160347, 13.7% complete
..........
Epoch: 9 Train loss: 0.007327626459300518, 16.0% complete
..........
Epoch: 9 Train loss: 0.015980204567313194, 18.2% complete
..........
Epoch: 9 Train loss: 0.011076120659708977, 20.4% complete
..........
Epoch: 9 Train loss: 0.007871021516621113, 22.7% complete
..........
Epoch: 9 Train loss: 0.012116525322198868, 24.9% complete
..........
Epoch: 9 Train loss: 0.01739443466067314, 27.2% complete
..........
Epoch: 9 Train loss: 0.010456516407430172, 29.4% complete
..........
Epoch: 9 Train loss: 0.011995075270533562, 31.7% complete
..........
Epoch: 9 Train loss: 0.010469883680343628, 33.9% complete
..........
Epoch: 9 Train loss: 0.009396570734679699, 36.2% complete
..........
Epoch: 9 Train loss: 0.008297616615891457, 38.4% complete
..........
Epoch: 9 Train loss: 0.01141398586332798, 40.7% complete
..........
Epoch: 9 Train loss: 0.0075274985283613205, 42.9% complete
..........
Epoch: 9 Train loss: 0.009865958243608475, 45.2% complete
..........
Epoch: 9 Train loss: 0.009143350645899773, 47.4% complete
..........
Epoch: 9 Train loss: 0.009220870211720467, 49.7% complete
..........
Epoch: 9 Train loss: 0.008827580139040947, 51.9% complete
..........
Epoch: 9 Train loss: 0.008629854768514633, 54.2% complete
..........
Epoch: 9 Train loss: 0.008180378004908562, 56.4% complete
..........
Epoch: 9 Train loss: 0.0083463741466403, 58.7% complete
..........
Epoch: 9 Train loss: 0.01011903677135706, 60.9% complete
..........
Epoch: 9 Train loss: 0.007011097855865955, 63.1% complete
..........
Epoch: 9 Train loss: 0.005878030322492123, 65.4% complete
..........
Epoch: 9 Train loss: 0.006168461870402098, 67.6% complete
..........
Epoch: 9 Train loss: 0.013850524090230465, 69.9% complete
..........
Epoch: 9 Train loss: 0.012421086430549622, 72.1% complete
..........
Epoch: 9 Train loss: 0.01677986979484558, 74.4% complete
..........
Epoch: 9 Train loss: 0.009346315637230873, 76.6% complete
..........
Epoch: 9 Train loss: 0.008725563064217567, 78.9% complete
..........
Epoch: 9 Train loss: 0.010433164425194263, 81.1% complete
..........
Epoch: 9 Train loss: 0.008949065580964088, 83.4% complete
..........
Epoch: 9 Train loss: 0.01261578593403101, 85.6% complete
..........
Epoch: 9 Train loss: 0.00501153664663434, 87.9% complete
..........
Epoch: 9 Train loss: 0.00768869835883379, 90.1% complete
..........
Epoch: 9 Train loss: 0.011470954865217209, 92.4% complete
..........
Epoch: 9 Train loss: 0.00856771133840084, 94.6% complete
..........
Epoch: 9 Train loss: 0.004030514974147081, 96.9% complete
..........
Epoch: 9 Train loss: 0.01132050808519125, 99.1% complete
.....
Training complete
Validating epoch 9...
Batch 0. Data shape torch.Size([16, 1, 64, 64]) Loss 0.013272463344037533
Batch 1. Data shape torch.Size([16, 1, 64, 64]) Loss 0.011643003672361374
Batch 2. Data shape torch.Size([16, 1, 64, 64]) Loss 0.009295574389398098
Batch 3. Data shape torch.Size([16, 1, 64, 64]) Loss 0.010830622166395187
Batch 4. Data shape torch.Size([16, 1, 64, 64]) Loss 0.012434989213943481
Batch 5. Data shape torch.Size([16, 1, 64, 64]) Loss 0.013724315911531448
Batch 6. Data shape torch.Size([16, 1, 64, 64]) Loss 0.010358697734773159
Batch 7. Data shape torch.Size([16, 1, 64, 64]) Loss 0.011810657568275928
Batch 8. Data shape torch.Size([16, 1, 64, 64]) Loss 0.011423548683524132
Batch 9. Data shape torch.Size([16, 1, 64, 64]) Loss 0.009898122400045395
Batch 10. Data shape torch.Size([16, 1, 64, 64]) Loss 0.013357868418097496
Batch 11. Data shape torch.Size([16, 1, 64, 64]) Loss 0.014406081289052963
Batch 12. Data shape torch.Size([16, 1, 64, 64]) Loss 0.01460136566311121
Batch 13. Data shape torch.Size([16, 1, 64, 64]) Loss 0.011948416009545326
Batch 14. Data shape torch.Size([16, 1, 64, 64]) Loss 0.016210447996854782
Batch 15. Data shape torch.Size([16, 1, 64, 64]) Loss 0.011185011826455593
Batch 16. Data shape torch.Size([16, 1, 64, 64]) Loss 0.015809329226613045
Batch 17. Data shape torch.Size([16, 1, 64, 64]) Loss 0.01312930230051279
Batch 18. Data shape torch.Size([16, 1, 64, 64]) Loss 0.008495275862514973
Batch 19. Data shape torch.Size([16, 1, 64, 64]) Loss 0.009290317073464394
Batch 20. Data shape torch.Size([16, 1, 64, 64]) Loss 0.007779151666909456
Batch 21. Data shape torch.Size([16, 1, 64, 64]) Loss 0.010698131285607815
Batch 22. Data shape torch.Size([16, 1, 64, 64]) Loss 0.016900748014450073
Batch 23. Data shape torch.Size([16, 1, 64, 64]) Loss 0.012311777099967003
Batch 24. Data shape torch.Size([16, 1, 64, 64]) Loss 0.014672994613647461
Batch 25. Data shape torch.Size([16, 1, 64, 64]) Loss 0.011509244330227375
Batch 26. Data shape torch.Size([16, 1, 64, 64]) Loss 0.010931991040706635
Batch 27. Data shape torch.Size([16, 1, 64, 64]) Loss 0.015214987099170685
Batch 28. Data shape torch.Size([16, 1, 64, 64]) Loss 0.007973045110702515
Batch 29. Data shape torch.Size([16, 1, 64, 64]) Loss 0.007135492749512196
Batch 30. Data shape torch.Size([16, 1, 64, 64]) Loss 0.01064305379986763
Batch 31. Data shape torch.Size([16, 1, 64, 64]) Loss 0.01673942431807518
Batch 32. Data shape torch.Size([16, 1, 64, 64]) Loss 0.007648527156561613
Batch 33. Data shape torch.Size([16, 1, 64, 64]) Loss 0.013272262178361416
Batch 34. Data shape torch.Size([16, 1, 64, 64]) Loss 0.010248550213873386
Batch 35. Data shape torch.Size([16, 1, 64, 64]) Loss 0.009908890351653099
Batch 36. Data shape torch.Size([16, 1, 64, 64]) Loss 0.01813546009361744
Batch 37. Data shape torch.Size([16, 1, 64, 64]) Loss 0.009920238517224789
Batch 38. Data shape torch.Size([16, 1, 64, 64]) Loss 0.010321954265236855
Batch 39. Data shape torch.Size([16, 1, 64, 64]) Loss 0.011298693716526031
Batch 40. Data shape torch.Size([16, 1, 64, 64]) Loss 0.01770174317061901
Batch 41. Data shape torch.Size([16, 1, 64, 64]) Loss 0.013868022710084915
Batch 42. Data shape torch.Size([16, 1, 64, 64]) Loss 0.0067730313166975975
Batch 43. Data shape torch.Size([16, 1, 64, 64]) Loss 0.005758779589086771
Batch 44. Data shape torch.Size([16, 1, 64, 64]) Loss 0.013225295580923557
Batch 45. Data shape torch.Size([16, 1, 64, 64]) Loss 0.01373373530805111
Batch 46. Data shape torch.Size([16, 1, 64, 64]) Loss 0.01480573508888483
Batch 47. Data shape torch.Size([16, 1, 64, 64]) Loss 0.014171527698636055
Batch 48. Data shape torch.Size([16, 1, 64, 64]) Loss 0.010225024074316025
Batch 49. Data shape torch.Size([16, 1, 64, 64]) Loss 0.012887557968497276
Batch 50. Data shape torch.Size([16, 1, 64, 64]) Loss 0.00975271500647068
Batch 51. Data shape torch.Size([16, 1, 64, 64]) Loss 0.008971952833235264
Batch 52. Data shape torch.Size([16, 1, 64, 64]) Loss 0.011345825158059597
Batch 53. Data shape torch.Size([16, 1, 64, 64]) Loss 0.010789064690470695
Batch 54. Data shape torch.Size([16, 1, 64, 64]) Loss 0.013054891489446163
Batch 55. Data shape torch.Size([8, 1, 64, 64]) Loss 0.010401428677141666
Validation complete
Run complete. Total time: 00:15:43
Testing...
(32, 64, 64) & (32, 64, 64): Volumes = 6066, Intersection = 2776
hippocampus_075.nii.gz Dice 0.9153. 3.85% complete
(34, 64, 64) & (34, 64, 64): Volumes = 7251, Intersection = 3033
hippocampus_329.nii.gz Dice 0.8366. 7.69% complete
(41, 64, 64) & (41, 64, 64): Volumes = 7755, Intersection = 3593
hippocampus_164.nii.gz Dice 0.9266. 11.54% complete
(37, 64, 64) & (37, 64, 64): Volumes = 6823, Intersection = 2936
hippocampus_038.nii.gz Dice 0.8606. 15.38% complete
(37, 64, 64) & (37, 64, 64): Volumes = 5444, Intersection = 2277
hippocampus_298.nii.gz Dice 0.8365. 19.23% complete
(33, 64, 64) & (33, 64, 64): Volumes = 6746, Intersection = 3057
hippocampus_033.nii.gz Dice 0.9063. 23.08% complete
(34, 64, 64) & (34, 64, 64): Volumes = 7007, Intersection = 3187
hippocampus_039.nii.gz Dice 0.9097. 26.92% complete
(36, 64, 64) & (36, 64, 64): Volumes = 6760, Intersection = 2987
hippocampus_248.nii.gz Dice 0.8837. 30.77% complete
(36, 64, 64) & (36, 64, 64): Volumes = 5413, Intersection = 2498
hippocampus_067.nii.gz Dice 0.9230. 34.62% complete
(35, 64, 64) & (35, 64, 64): Volumes = 7122, Intersection = 3226
hippocampus_171.nii.gz Dice 0.9059. 38.46% complete
(35, 64, 64) & (35, 64, 64): Volumes = 7490, Intersection = 3302
hippocampus_295.nii.gz Dice 0.8817. 42.31% complete
(36, 64, 64) & (36, 64, 64): Volumes = 6672, Intersection = 3037
hippocampus_040.nii.gz Dice 0.9104. 46.15% complete
(36, 64, 64) & (36, 64, 64): Volumes = 7171, Intersection = 3321
hippocampus_327.nii.gz Dice 0.9262. 50.00% complete
(37, 64, 64) & (37, 64, 64): Volumes = 4734, Intersection = 1982
hippocampus_199.nii.gz Dice 0.8373. 53.85% complete
(36, 64, 64) & (36, 64, 64): Volumes = 7233, Intersection = 3236
hippocampus_004.nii.gz Dice 0.8948. 57.69% complete
(33, 64, 64) & (33, 64, 64): Volumes = 6388, Intersection = 2875
hippocampus_233.nii.gz Dice 0.9001. 61.54% complete
(35, 64, 64) & (35, 64, 64): Volumes = 6283, Intersection = 2846
hippocampus_124.nii.gz Dice 0.9059. 65.38% complete
(37, 64, 64) & (37, 64, 64): Volumes = 7260, Intersection = 3409
hippocampus_184.nii.gz Dice 0.9391. 69.23% complete
(36, 64, 64) & (36, 64, 64): Volumes = 6952, Intersection = 3139
hippocampus_101.nii.gz Dice 0.9030. 73.08% complete
(36, 64, 64) & (36, 64, 64): Volumes = 5753, Intersection = 2625
hippocampus_232.nii.gz Dice 0.9126. 76.92% complete
(37, 64, 64) & (37, 64, 64): Volumes = 6026, Intersection = 2685
hippocampus_074.nii.gz Dice 0.8911. 80.77% complete
(35, 64, 64) & (35, 64, 64): Volumes = 6724, Intersection = 3023
hippocampus_370.nii.gz Dice 0.8992. 84.62% complete
(37, 64, 64) & (37, 64, 64): Volumes = 7112, Intersection = 3058
hippocampus_228.nii.gz Dice 0.8600. 88.46% complete
(34, 64, 64) & (34, 64, 64): Volumes = 6177, Intersection = 2754
hippocampus_268.nii.gz Dice 0.8917. 92.31% complete
(35, 64, 64) & (35, 64, 64): Volumes = 7486, Intersection = 3501
hippocampus_161.nii.gz Dice 0.9353. 96.15% complete
(34, 64, 64) & (34, 64, 64): Volumes = 7695, Intersection = 3549
hippocampus_172.nii.gz Dice 0.9224. 100.00% complete

Testing complete.
